<?xml version='1.0' encoding='UTF-8'?>
<testsuite hostname="DESKTOP-4M55DBE" name="codecs.CodecsSuite" tests="14" errors="0" failures="0" skipped="0" time="0.932" timestamp="2021-08-27T14:39:52">
                     <properties>
[...]
</properties>
                     <testcase classname="codecs.CodecsSuite" name="it is possible to encode and decode the 'Unit' value (0pts)" time="0.478">
                                                 
                                               </testcase><testcase classname="codecs.CodecsSuite" name="it is possible to encode and decode 'Int' values (1pt)" time="0.036">
                                                 
                                               </testcase><testcase classname="codecs.CodecsSuite" name="the 'Int' decoder should reject invalid 'Int' values (2pts)" time="0.004">
                                                 
                                               </testcase><testcase classname="codecs.CodecsSuite" name="a 'String' value should be encoded as a JSON string (1pt)" time="0.004">
                                                 
                                               </testcase><testcase classname="codecs.CodecsSuite" name="it is possible to encode and decode 'String' values (1pt)" time="0.042">
                                                 
                                               </testcase><testcase classname="codecs.CodecsSuite" name="a 'Boolean' value should be encoded as a JSON boolean (1pt)" time="0.002">
                                                 
                                               </testcase><testcase classname="codecs.CodecsSuite" name="it is possible to encode and decode 'Boolean' values (1pt)" time="0.018">
                                                 
                                               </testcase><testcase classname="codecs.CodecsSuite" name="a 'List[A]' value should be encoded as a JSON array (0pts)" time="0.006">
                                                 
                                               </testcase><testcase classname="codecs.CodecsSuite" name="it is possible to encode and decode lists (5pts)" time="0.09">
                                                 
                                               </testcase><testcase classname="codecs.CodecsSuite" name="A JSON array with at least one invalid element should be rejected (2pt)" time="0.003">
                                                 
                                               </testcase><testcase classname="codecs.CodecsSuite" name="a 'Person' value should be encoded as a JSON object (1pt)" time="0.022">
                                                 
                                               </testcase><testcase classname="codecs.CodecsSuite" name="it is possible to encode and decode people (4pts)" time="0.063">
                                                 
                                               </testcase><testcase classname="codecs.CodecsSuite" name="a 'Contacts' value should be encoded as a JSON object (1pt)" time="0.012">
                                                 
                                               </testcase><testcase classname="codecs.CodecsSuite" name="it is possible to encode and decode contacts (4pts)" time="0.152">
                                                 
                                               </testcase>
                     <system-out><![CDATA[]]></system-out>
                     <system-err><![CDATA[]]></system-err>
                   </testsuite>