<?xml version='1.0' encoding='UTF-8'?>
<testsuite hostname="DESKTOP-4M55DBE" name="todo.IdGeneratorSuite" tests="2" errors="0" failures="0" skipped="0" time="0.053" timestamp="2021-06-30T17:07:24">
                     <properties>
[...]
</properties>
                     <testcase classname="todo.IdGeneratorSuite" name="generated Ids are monotonically increasing" time="0.053">
                                                 
                                               </testcase><testcase classname="todo.IdGeneratorSuite" name="generated Ids start with given Id" time="0.0">
                                                 
                                               </testcase>
                     <system-out><![CDATA[]]></system-out>
                     <system-err><![CDATA[]]></system-err>
                   </testsuite>