<?xml version='1.0' encoding='UTF-8'?>
<testsuite hostname="DESKTOP-4M55DBE" name="todo.TodoSuite" tests="14" errors="0" failures="14" skipped="0" time="0.085" timestamp="2021-06-30T17:07:24">
                     <properties>
[...]
</properties>
                     <testcase classname="todo.TodoSuite" name="Created tasks can be read" time="0.029">
                                                 <failure message="munit.FailException: C:\Users\User\Documents\Effective_Programming_Scala_Course\Effective_Programming_Scala\todo\src\test\scala\todo\TodoSuite.scala:71 Using InMemoryModel: We expected the task Task(Active,An active task,Some(The notes),List(Tag(a), Tag(b))) but we received None instead.
70:
[7m71:      assertTask(name, model.read(id1), task1)[0m
72:" type="sbt.ForkMain$ForkError">sbt.ForkMain$ForkError: munit.FailException: C:\Users\User\Documents\Effective_Programming_Scala_Course\Effective_Programming_Scala\todo\src\test\scala\todo\TodoSuite.scala:71 Using InMemoryModel: We expected the task Task(Active,An active task,Some(The notes),List(Tag(a), Tag(b))) but we received None instead.
70:
[7m71:      assertTask(name, model.read(id1), task1)[0m
72:
	at munit.Assertions.fail(Assertions.scala:261)
	at munit.Assertions.fail$(Assertions.scala:15)
	at munit.FunSuite.fail(FunSuite.scala:11)
	at todo.TodoSuite.assertTask(TodoSuite.scala:40)
	at todo.TodoSuite.allTests$$anonfun$1(TodoSuite.scala:18)
	at munit.FunFixtures.munit$FunFixtures$FunFixture$$_$test$$anonfun$2$$anonfun$2$$anonfun$2(FunFixtures.scala:34)
</failure>
                                               </testcase><testcase classname="todo.TodoSuite" name="Updated tasks can be read" time="0.003">
                                                 <failure message="munit.FailException: C:\Users\User\Documents\Effective_Programming_Scala_Course\Effective_Programming_Scala\todo\src\test\scala\todo\TodoSuite.scala:81 Using InMemoryModel: We expected the task Task(Completed(2021-06-30T17:07:24.160267500+01:00[Europe/London]),An inactive task,None,List(Tag(c))) but we received None instead.
80:
[7m81:      assertTask(name, updated, task2)[0m
82:    }" type="sbt.ForkMain$ForkError">sbt.ForkMain$ForkError: munit.FailException: C:\Users\User\Documents\Effective_Programming_Scala_Course\Effective_Programming_Scala\todo\src\test\scala\todo\TodoSuite.scala:81 Using InMemoryModel: We expected the task Task(Completed(2021-06-30T17:07:24.160267500+01:00[Europe/London]),An inactive task,None,List(Tag(c))) but we received None instead.
80:
[7m81:      assertTask(name, updated, task2)[0m
82:    }
	at munit.Assertions.fail(Assertions.scala:261)
	at munit.Assertions.fail$(Assertions.scala:15)
	at munit.FunSuite.fail(FunSuite.scala:11)
	at todo.TodoSuite.assertTask(TodoSuite.scala:40)
	at todo.TodoSuite.allTests$$anonfun$2(TodoSuite.scala:18)
	at munit.FunFixtures.munit$FunFixtures$FunFixture$$_$test$$anonfun$2$$anonfun$2$$anonfun$2(FunFixtures.scala:34)
</failure>
                                               </testcase><testcase classname="todo.TodoSuite" name="Deleted tasks are no longer read" time="0.002">
                                                 <failure message="munit.FailException: C:\Users\User\Documents\Effective_Programming_Scala_Course\Effective_Programming_Scala\todo\src\test\scala\todo\TodoSuite.scala:88 Using InMemoryModel: We expected deleting Id(5) to return true
87:
[7m88:      assert(model.delete(id1), s&quot;Using $name: We expected deleting $id1 to return true&quot;)[0m
89:" type="sbt.ForkMain$ForkError">sbt.ForkMain$ForkError: munit.FailException: C:\Users\User\Documents\Effective_Programming_Scala_Course\Effective_Programming_Scala\todo\src\test\scala\todo\TodoSuite.scala:88 Using InMemoryModel: We expected deleting Id(5) to return true
87:
[7m88:      assert(model.delete(id1), s&quot;Using $name: We expected deleting $id1 to return true&quot;)[0m
89:
	at munit.FunSuite.assert(FunSuite.scala:11)
	at todo.TodoSuite.allTests$$anonfun$3(TodoSuite.scala:18)
	at munit.FunFixtures.munit$FunFixtures$FunFixture$$_$test$$anonfun$2$$anonfun$2$$anonfun$2(FunFixtures.scala:34)
</failure>
                                               </testcase><testcase classname="todo.TodoSuite" name="Tasks returns all inserted tasks in insertion order" time="0.039">
                                                 <failure message="munit.ComparisonFailException: C:\Users\User\Documents\Effective_Programming_Scala_Course\Effective_Programming_Scala\todo\src\test\scala\todo\TodoSuite.scala:104
103:                   List((id1 -&gt; task1)),
[7m104:                   s&quot;Using $name: The list of tasks is different to the tasks that were created&quot;)[0m
105:
Using InMemoryModel: The list of tasks is different to the tasks that were created
[1m=&gt; Obtained[0m
Nil
[1m=&gt; Diff[0m ([91m- obtained[0m, [92m+ expected[0m)
[91m-Nil[0m
[92m+List([0m
[92m+  Tuple2([0m
[92m+    _1 = Id([0m
[92m+      toInt = 7[0m
[92m+    ),[0m
[92m+    _2 = Task([0m
[92m+      state = Active(),[0m
[92m+      description = &quot;An active task&quot;,[0m
[92m+      notes = Some([0m
[92m+        value = &quot;The notes&quot;[0m
[92m+      ),[0m
[92m+      tags = List([0m
[92m+        Tag([0m
[92m+          tag = &quot;a&quot;[0m
[92m+        ),[0m
[92m+        Tag([0m
[92m+          tag = &quot;b&quot;[0m
[92m+        )[0m
[92m+      )[0m
[92m+    )[0m
[92m+  )[0m
[92m+)[0m" type="sbt.ForkMain$ForkError">sbt.ForkMain$ForkError: munit.ComparisonFailException: C:\Users\User\Documents\Effective_Programming_Scala_Course\Effective_Programming_Scala\todo\src\test\scala\todo\TodoSuite.scala:104
103:                   List((id1 -&gt; task1)),
[7m104:                   s&quot;Using $name: The list of tasks is different to the tasks that were created&quot;)[0m
105:
Using InMemoryModel: The list of tasks is different to the tasks that were created
[1m=&gt; Obtained[0m
Nil
[1m=&gt; Diff[0m ([91m- obtained[0m, [92m+ expected[0m)
[91m-Nil[0m
[92m+List([0m
[92m+  Tuple2([0m
[92m+    _1 = Id([0m
[92m+      toInt = 7[0m
[92m+    ),[0m
[92m+    _2 = Task([0m
[92m+      state = Active(),[0m
[92m+      description = &quot;An active task&quot;,[0m
[92m+      notes = Some([0m
[92m+        value = &quot;The notes&quot;[0m
[92m+      ),[0m
[92m+      tags = List([0m
[92m+        Tag([0m
[92m+          tag = &quot;a&quot;[0m
[92m+        ),[0m
[92m+        Tag([0m
[92m+          tag = &quot;b&quot;[0m
[92m+        )[0m
[92m+      )[0m
[92m+    )[0m
[92m+  )[0m
[92m+)[0m
	at munit.FunSuite.assertEquals(FunSuite.scala:11)
	at todo.TodoSuite.allTests$$anonfun$4(TodoSuite.scala:104)
	at munit.FunFixtures.munit$FunFixtures$FunFixture$$_$test$$anonfun$2$$anonfun$2$$anonfun$2(FunFixtures.scala:34)
</failure>
                                               </testcase><testcase classname="todo.TodoSuite" name="Tasks(tag) returns only tasks with given tag" time="0.003">
                                                 <failure message="munit.ComparisonFailException: C:\Users\User\Documents\Effective_Programming_Scala_Course\Effective_Programming_Scala\todo\src\test\scala\todo\TodoSuite.scala:119
118:
[7m119:      assertEquals(model.tasks(Tag(&quot;a&quot;)).toList, List(id1 -&gt; task1, id3 -&gt; task3))[0m
120:      assertEquals(model.tasks(Tag(&quot;b&quot;)).toList, List(id1 -&gt; task1))
values are not the same
[1m=&gt; Obtained[0m
Nil
[1m=&gt; Diff[0m ([91m- obtained[0m, [92m+ expected[0m)
[91m-Nil[0m
[92m+List([0m
[92m+  Tuple2([0m
[92m+    _1 = Id([0m
[92m+      toInt = 8[0m
[92m+    ),[0m
[92m+    _2 = Task([0m
[92m+      state = Active(),[0m
[92m+      description = &quot;An active task&quot;,[0m
[92m+      notes = Some([0m
[92m+        value = &quot;The notes&quot;[0m
[92m+      ),[0m
[92m+      tags = List([0m
[92m+        Tag([0m
[92m+          tag = &quot;a&quot;[0m
[92m+        ),[0m
[92m+        Tag([0m
[92m+          tag = &quot;b&quot;[0m
[92m+        )[0m
[92m+      )[0m
[92m+    )[0m
[92m+  ),[0m
[92m+  Tuple2([0m
[92m+    _1 = Id([0m
[92m+      toInt = 10[0m
[92m+    ),[0m
[92m+    _2 = Task([0m
[92m+      state = Active(),[0m
[92m+      description = &quot;Another active task&quot;,[0m
[92m+      notes = None,[0m
[92m+      tags = List([0m
[92m+        Tag([0m
[92m+          tag = &quot;a&quot;[0m
[92m+        ),[0m
[92m+        Tag([0m
[92m+          tag = &quot;c&quot;[0m
[92m+        )[0m
[92m+      )[0m
[92m+    )[0m
[92m+  )[0m
[92m+)[0m" type="sbt.ForkMain$ForkError">sbt.ForkMain$ForkError: munit.ComparisonFailException: C:\Users\User\Documents\Effective_Programming_Scala_Course\Effective_Programming_Scala\todo\src\test\scala\todo\TodoSuite.scala:119
118:
[7m119:      assertEquals(model.tasks(Tag(&quot;a&quot;)).toList, List(id1 -&gt; task1, id3 -&gt; task3))[0m
120:      assertEquals(model.tasks(Tag(&quot;b&quot;)).toList, List(id1 -&gt; task1))
values are not the same
[1m=&gt; Obtained[0m
Nil
[1m=&gt; Diff[0m ([91m- obtained[0m, [92m+ expected[0m)
[91m-Nil[0m
[92m+List([0m
[92m+  Tuple2([0m
[92m+    _1 = Id([0m
[92m+      toInt = 8[0m
[92m+    ),[0m
[92m+    _2 = Task([0m
[92m+      state = Active(),[0m
[92m+      description = &quot;An active task&quot;,[0m
[92m+      notes = Some([0m
[92m+        value = &quot;The notes&quot;[0m
[92m+      ),[0m
[92m+      tags = List([0m
[92m+        Tag([0m
[92m+          tag = &quot;a&quot;[0m
[92m+        ),[0m
[92m+        Tag([0m
[92m+          tag = &quot;b&quot;[0m
[92m+        )[0m
[92m+      )[0m
[92m+    )[0m
[92m+  ),[0m
[92m+  Tuple2([0m
[92m+    _1 = Id([0m
[92m+      toInt = 10[0m
[92m+    ),[0m
[92m+    _2 = Task([0m
[92m+      state = Active(),[0m
[92m+      description = &quot;Another active task&quot;,[0m
[92m+      notes = None,[0m
[92m+      tags = List([0m
[92m+        Tag([0m
[92m+          tag = &quot;a&quot;[0m
[92m+        ),[0m
[92m+        Tag([0m
[92m+          tag = &quot;c&quot;[0m
[92m+        )[0m
[92m+      )[0m
[92m+    )[0m
[92m+  )[0m
[92m+)[0m
	at munit.FunSuite.assertEquals(FunSuite.scala:11)
	at todo.TodoSuite.allTests$$anonfun$5(TodoSuite.scala:119)
	at munit.FunFixtures.munit$FunFixtures$FunFixture$$_$test$$anonfun$2$$anonfun$2$$anonfun$2(FunFixtures.scala:34)
</failure>
                                               </testcase><testcase classname="todo.TodoSuite" name="complete changes state to completed, if task is not already completed" time="0.001">
                                                 <failure message="munit.FailException: C:\Users\User\Documents\Effective_Programming_Scala_Course\Effective_Programming_Scala\todo\src\test\scala\todo\TodoSuite.scala:128 Using InMemoryModel: We expected a task but we received None instead.
127:
[7m128:      assertTaskActive(name, model.read(id1))[0m
129:      assertTaskCompleted(name, model.read(id2))" type="sbt.ForkMain$ForkError">sbt.ForkMain$ForkError: munit.FailException: C:\Users\User\Documents\Effective_Programming_Scala_Course\Effective_Programming_Scala\todo\src\test\scala\todo\TodoSuite.scala:128 Using InMemoryModel: We expected a task but we received None instead.
127:
[7m128:      assertTaskActive(name, model.read(id1))[0m
129:      assertTaskCompleted(name, model.read(id2))
	at munit.Assertions.fail(Assertions.scala:261)
	at munit.Assertions.fail$(Assertions.scala:15)
	at munit.FunSuite.fail(FunSuite.scala:11)
	at todo.TodoSuite.assertTaskActive(TodoSuite.scala:50)
	at todo.TodoSuite.allTests$$anonfun$6(TodoSuite.scala:18)
	at munit.FunFixtures.munit$FunFixtures$FunFixture$$_$test$$anonfun$2$$anonfun$2$$anonfun$2(FunFixtures.scala:34)
</failure>
                                               </testcase><testcase classname="todo.TodoSuite" name="tags returns all tags" time="0.004">
                                                 <failure message="munit.ComparisonFailException: C:\Users\User\Documents\Effective_Programming_Scala_Course\Effective_Programming_Scala\todo\src\test\scala\todo\TodoSuite.scala:139
138:      val id1 = model.create(task1)
[7m139:      assertEquals(model.tags.toList, List(Tag(&quot;a&quot;), Tag(&quot;b&quot;)), s&quot;Using $name&quot;)[0m
140:
Using InMemoryModel
[1m=&gt; Obtained[0m
Nil
[1m=&gt; Diff[0m ([91m- obtained[0m, [92m+ expected[0m)
[91m-Nil[0m
[92m+List([0m
[92m+  Tag([0m
[92m+    tag = &quot;a&quot;[0m
[92m+  ),[0m
[92m+  Tag([0m
[92m+    tag = &quot;b&quot;[0m
[92m+  )[0m
[92m+)[0m" type="sbt.ForkMain$ForkError">sbt.ForkMain$ForkError: munit.ComparisonFailException: C:\Users\User\Documents\Effective_Programming_Scala_Course\Effective_Programming_Scala\todo\src\test\scala\todo\TodoSuite.scala:139
138:      val id1 = model.create(task1)
[7m139:      assertEquals(model.tags.toList, List(Tag(&quot;a&quot;), Tag(&quot;b&quot;)), s&quot;Using $name&quot;)[0m
140:
Using InMemoryModel
[1m=&gt; Obtained[0m
Nil
[1m=&gt; Diff[0m ([91m- obtained[0m, [92m+ expected[0m)
[91m-Nil[0m
[92m+List([0m
[92m+  Tag([0m
[92m+    tag = &quot;a&quot;[0m
[92m+  ),[0m
[92m+  Tag([0m
[92m+    tag = &quot;b&quot;[0m
[92m+  )[0m
[92m+)[0m
	at munit.FunSuite.assertEquals(FunSuite.scala:11)
	at todo.TodoSuite.allTests$$anonfun$7(TodoSuite.scala:139)
	at munit.FunFixtures.munit$FunFixtures$FunFixture$$_$test$$anonfun$2$$anonfun$2$$anonfun$2(FunFixtures.scala:34)
</failure>
                                               </testcase><testcase classname="todo.TodoSuite" name="Created tasks can be read-1" time="0.0">
                                                 <failure message="scala.NotImplementedError: an implementation is missing" type="sbt.ForkMain$ForkError">sbt.ForkMain$ForkError: scala.NotImplementedError: an implementation is missing
	at scala.Predef$.$qmark$qmark$qmark(Predef.scala:345)
	at todo.PersistentModel$.clear(PersistentModel.scala:123)
	at todo.TodoSuite.makeModelFixture$$anonfun$1(TodoSuite.scala:22)
	at munit.FunFixtures.apply$$anonfun$3$$anonfun$1(FunFixtures.scala:60)
	at scala.concurrent.Future$.$anonfun$apply$1(Future.scala:672)
	at scala.concurrent.impl.Promise$Transformation.run(Promise.scala:431)
	at munit.Suite$$anon$1.execute(Suite.scala:26)
	at scala.concurrent.impl.Promise$Transformation.submitWithValue(Promise.scala:393)
	at scala.concurrent.impl.Promise$DefaultPromise.submitWithValue(Promise.scala:302)
	at scala.concurrent.impl.Promise$DefaultPromise.dispatchOrAddCallbacks(Promise.scala:276)
	at scala.concurrent.impl.Promise$DefaultPromise.map(Promise.scala:146)
	at scala.concurrent.Future$.apply(Future.scala:672)
	at munit.FunFixtures.munit$FunFixtures$FunFixture$$$_$apply$$anonfun$1(FunFixtures.scala:60)
	at munit.FunFixtures$FunFixture.test$$anonfun$1(FunFixtures.scala:33)
</failure>
                                               </testcase><testcase classname="todo.TodoSuite" name="Updated tasks can be read-1" time="0.0">
                                                 <failure message="scala.NotImplementedError: an implementation is missing" type="sbt.ForkMain$ForkError">sbt.ForkMain$ForkError: scala.NotImplementedError: an implementation is missing
	at scala.Predef$.$qmark$qmark$qmark(Predef.scala:345)
	at todo.PersistentModel$.clear(PersistentModel.scala:123)
	at todo.TodoSuite.makeModelFixture$$anonfun$1(TodoSuite.scala:22)
	at munit.FunFixtures.apply$$anonfun$3$$anonfun$1(FunFixtures.scala:60)
	at scala.concurrent.Future$.$anonfun$apply$1(Future.scala:672)
	at scala.concurrent.impl.Promise$Transformation.run(Promise.scala:431)
	at munit.Suite$$anon$1.execute(Suite.scala:26)
	at scala.concurrent.impl.Promise$Transformation.submitWithValue(Promise.scala:393)
	at scala.concurrent.impl.Promise$DefaultPromise.submitWithValue(Promise.scala:302)
	at scala.concurrent.impl.Promise$DefaultPromise.dispatchOrAddCallbacks(Promise.scala:276)
	at scala.concurrent.impl.Promise$DefaultPromise.map(Promise.scala:146)
	at scala.concurrent.Future$.apply(Future.scala:672)
	at munit.FunFixtures.munit$FunFixtures$FunFixture$$$_$apply$$anonfun$1(FunFixtures.scala:60)
	at munit.FunFixtures$FunFixture.test$$anonfun$1(FunFixtures.scala:33)
</failure>
                                               </testcase><testcase classname="todo.TodoSuite" name="Deleted tasks are no longer read-1" time="0.001">
                                                 <failure message="scala.NotImplementedError: an implementation is missing" type="sbt.ForkMain$ForkError">sbt.ForkMain$ForkError: scala.NotImplementedError: an implementation is missing
	at scala.Predef$.$qmark$qmark$qmark(Predef.scala:345)
	at todo.PersistentModel$.clear(PersistentModel.scala:123)
	at todo.TodoSuite.makeModelFixture$$anonfun$1(TodoSuite.scala:22)
	at munit.FunFixtures.apply$$anonfun$3$$anonfun$1(FunFixtures.scala:60)
	at scala.concurrent.Future$.$anonfun$apply$1(Future.scala:672)
	at scala.concurrent.impl.Promise$Transformation.run(Promise.scala:431)
	at munit.Suite$$anon$1.execute(Suite.scala:26)
	at scala.concurrent.impl.Promise$Transformation.submitWithValue(Promise.scala:393)
	at scala.concurrent.impl.Promise$DefaultPromise.submitWithValue(Promise.scala:302)
	at scala.concurrent.impl.Promise$DefaultPromise.dispatchOrAddCallbacks(Promise.scala:276)
	at scala.concurrent.impl.Promise$DefaultPromise.map(Promise.scala:146)
	at scala.concurrent.Future$.apply(Future.scala:672)
	at munit.FunFixtures.munit$FunFixtures$FunFixture$$$_$apply$$anonfun$1(FunFixtures.scala:60)
	at munit.FunFixtures$FunFixture.test$$anonfun$1(FunFixtures.scala:33)
</failure>
                                               </testcase><testcase classname="todo.TodoSuite" name="Tasks returns all inserted tasks in insertion order-1" time="0.001">
                                                 <failure message="scala.NotImplementedError: an implementation is missing" type="sbt.ForkMain$ForkError">sbt.ForkMain$ForkError: scala.NotImplementedError: an implementation is missing
	at scala.Predef$.$qmark$qmark$qmark(Predef.scala:345)
	at todo.PersistentModel$.clear(PersistentModel.scala:123)
	at todo.TodoSuite.makeModelFixture$$anonfun$1(TodoSuite.scala:22)
	at munit.FunFixtures.apply$$anonfun$3$$anonfun$1(FunFixtures.scala:60)
	at scala.concurrent.Future$.$anonfun$apply$1(Future.scala:672)
	at scala.concurrent.impl.Promise$Transformation.run(Promise.scala:431)
	at munit.Suite$$anon$1.execute(Suite.scala:26)
	at scala.concurrent.impl.Promise$Transformation.submitWithValue(Promise.scala:393)
	at scala.concurrent.impl.Promise$DefaultPromise.submitWithValue(Promise.scala:302)
	at scala.concurrent.impl.Promise$DefaultPromise.dispatchOrAddCallbacks(Promise.scala:276)
	at scala.concurrent.impl.Promise$DefaultPromise.map(Promise.scala:146)
	at scala.concurrent.Future$.apply(Future.scala:672)
	at munit.FunFixtures.munit$FunFixtures$FunFixture$$$_$apply$$anonfun$1(FunFixtures.scala:60)
	at munit.FunFixtures$FunFixture.test$$anonfun$1(FunFixtures.scala:33)
</failure>
                                               </testcase><testcase classname="todo.TodoSuite" name="Tasks(tag) returns only tasks with given tag-1" time="0.0">
                                                 <failure message="scala.NotImplementedError: an implementation is missing" type="sbt.ForkMain$ForkError">sbt.ForkMain$ForkError: scala.NotImplementedError: an implementation is missing
	at scala.Predef$.$qmark$qmark$qmark(Predef.scala:345)
	at todo.PersistentModel$.clear(PersistentModel.scala:123)
	at todo.TodoSuite.makeModelFixture$$anonfun$1(TodoSuite.scala:22)
	at munit.FunFixtures.apply$$anonfun$3$$anonfun$1(FunFixtures.scala:60)
	at scala.concurrent.Future$.$anonfun$apply$1(Future.scala:672)
	at scala.concurrent.impl.Promise$Transformation.run(Promise.scala:431)
	at munit.Suite$$anon$1.execute(Suite.scala:26)
	at scala.concurrent.impl.Promise$Transformation.submitWithValue(Promise.scala:393)
	at scala.concurrent.impl.Promise$DefaultPromise.submitWithValue(Promise.scala:302)
	at scala.concurrent.impl.Promise$DefaultPromise.dispatchOrAddCallbacks(Promise.scala:276)
	at scala.concurrent.impl.Promise$DefaultPromise.map(Promise.scala:146)
	at scala.concurrent.Future$.apply(Future.scala:672)
	at munit.FunFixtures.munit$FunFixtures$FunFixture$$$_$apply$$anonfun$1(FunFixtures.scala:60)
	at munit.FunFixtures$FunFixture.test$$anonfun$1(FunFixtures.scala:33)
</failure>
                                               </testcase><testcase classname="todo.TodoSuite" name="complete changes state to completed, if task is not already completed-1" time="0.001">
                                                 <failure message="scala.NotImplementedError: an implementation is missing" type="sbt.ForkMain$ForkError">sbt.ForkMain$ForkError: scala.NotImplementedError: an implementation is missing
	at scala.Predef$.$qmark$qmark$qmark(Predef.scala:345)
	at todo.PersistentModel$.clear(PersistentModel.scala:123)
	at todo.TodoSuite.makeModelFixture$$anonfun$1(TodoSuite.scala:22)
	at munit.FunFixtures.apply$$anonfun$3$$anonfun$1(FunFixtures.scala:60)
	at scala.concurrent.Future$.$anonfun$apply$1(Future.scala:672)
	at scala.concurrent.impl.Promise$Transformation.run(Promise.scala:431)
	at munit.Suite$$anon$1.execute(Suite.scala:26)
	at scala.concurrent.impl.Promise$Transformation.submitWithValue(Promise.scala:393)
	at scala.concurrent.impl.Promise$DefaultPromise.submitWithValue(Promise.scala:302)
	at scala.concurrent.impl.Promise$DefaultPromise.dispatchOrAddCallbacks(Promise.scala:276)
	at scala.concurrent.impl.Promise$DefaultPromise.map(Promise.scala:146)
	at scala.concurrent.Future$.apply(Future.scala:672)
	at munit.FunFixtures.munit$FunFixtures$FunFixture$$$_$apply$$anonfun$1(FunFixtures.scala:60)
	at munit.FunFixtures$FunFixture.test$$anonfun$1(FunFixtures.scala:33)
</failure>
                                               </testcase><testcase classname="todo.TodoSuite" name="tags returns all tags-1" time="0.001">
                                                 <failure message="scala.NotImplementedError: an implementation is missing" type="sbt.ForkMain$ForkError">sbt.ForkMain$ForkError: scala.NotImplementedError: an implementation is missing
	at scala.Predef$.$qmark$qmark$qmark(Predef.scala:345)
	at todo.PersistentModel$.clear(PersistentModel.scala:123)
	at todo.TodoSuite.makeModelFixture$$anonfun$1(TodoSuite.scala:22)
	at munit.FunFixtures.apply$$anonfun$3$$anonfun$1(FunFixtures.scala:60)
	at scala.concurrent.Future$.$anonfun$apply$1(Future.scala:672)
	at scala.concurrent.impl.Promise$Transformation.run(Promise.scala:431)
	at munit.Suite$$anon$1.execute(Suite.scala:26)
	at scala.concurrent.impl.Promise$Transformation.submitWithValue(Promise.scala:393)
	at scala.concurrent.impl.Promise$DefaultPromise.submitWithValue(Promise.scala:302)
	at scala.concurrent.impl.Promise$DefaultPromise.dispatchOrAddCallbacks(Promise.scala:276)
	at scala.concurrent.impl.Promise$DefaultPromise.map(Promise.scala:146)
	at scala.concurrent.Future$.apply(Future.scala:672)
	at munit.FunFixtures.munit$FunFixtures$FunFixture$$$_$apply$$anonfun$1(FunFixtures.scala:60)
	at munit.FunFixtures$FunFixture.test$$anonfun$1(FunFixtures.scala:33)
</failure>
                                               </testcase>
                     <system-out><![CDATA[]]></system-out>
                     <system-err><![CDATA[]]></system-err>
                   </testsuite>